<?xml version="1.0" encoding="UTF-8"?>
<testsuite name="com.microsoft.bond.protocol.StringHelperTest" tests="2" skipped="0" failures="0" errors="0" timestamp="2017-05-17T00:45:10" hostname="pike" time="0.004">
  <properties/>
  <testcase name="testWStringEncoding" classname="com.microsoft.bond.protocol.StringHelperTest" time="0.003"/>
  <testcase name="testStringEncoding" classname="com.microsoft.bond.protocol.StringHelperTest" time="0.001"/>
  <system-out><![CDATA[]]></system-out>
  <system-err><![CDATA[]]></system-err>
</testsuite>
